Replace Part C1 CL10A106MP8NNNC in C:\Users\randy\Documents\GitHub\Andromeda-V3.3\DataManagementBoard_V3\DMB.SchDoc with CL10A106MP8NNNC from SOARSchematics.SchLib
Replace Part C2 CGA3E2X7R1E104K080AA in C:\Users\randy\Documents\GitHub\Andromeda-V3.3\DataManagementBoard_V3\DMB.SchDoc with CGA3E2X7R1E104K080AA from SOARSchematics.SchLib
Replace Part C3 CGA3E2X7R1E104K080AA in C:\Users\randy\Documents\GitHub\Andromeda-V3.3\DataManagementBoard_V3\DMB.SchDoc with CGA3E2X7R1E104K080AA from SOARSchematics.SchLib
Replace Part C4 CGA3E2X7R1E104K080AA in C:\Users\randy\Documents\GitHub\Andromeda-V3.3\DataManagementBoard_V3\DMB.SchDoc with CGA3E2X7R1E104K080AA from SOARSchematics.SchLib
Replace Part C5 CGA3E2X7R1E104K080AA in C:\Users\randy\Documents\GitHub\Andromeda-V3.3\DataManagementBoard_V3\DMB.SchDoc with CGA3E2X7R1E104K080AA from SOARSchematics.SchLib
Replace Part C6 CL10A105KP8NNNC in C:\Users\randy\Documents\GitHub\Andromeda-V3.3\DataManagementBoard_V3\DMB.SchDoc with CL10A105KP8NNNC from SOARSchematics.SchLib
Replace Part C7 CGA3E2X7R1H103K080AA in C:\Users\randy\Documents\GitHub\Andromeda-V3.3\DataManagementBoard_V3\DMB.SchDoc with CGA3E2X7R1H103K080AA from SOARSchematics.SchLib
Replace Part C8 06035A240JAT2A in C:\Users\randy\Documents\GitHub\Andromeda-V3.3\DataManagementBoard_V3\DMB.SchDoc with 06035A240JAT2A from SOARSchematics.SchLib
Replace Part C9 06035A240JAT2A in C:\Users\randy\Documents\GitHub\Andromeda-V3.3\DataManagementBoard_V3\DMB.SchDoc with 06035A240JAT2A from SOARSchematics.SchLib
Replace Part C10 C1608X5R1C225K080AB in C:\Users\randy\Documents\GitHub\Andromeda-V3.3\DataManagementBoard_V3\DMB.SchDoc with C1608X5R1C225K080AB from SOARSchematics.SchLib
Replace Part C11 C1608X5R1C225K080AB in C:\Users\randy\Documents\GitHub\Andromeda-V3.3\DataManagementBoard_V3\DMB.SchDoc with C1608X5R1C225K080AB from SOARSchematics.SchLib
Replace Part C12 CGA3E2X7R1E104K080AA in C:\Users\randy\Documents\GitHub\Andromeda-V3.3\DataManagementBoard_V3\DMB.SchDoc with CGA3E2X7R1E104K080AA from SOARSchematics.SchLib
Replace Part C13 CGA3E2X7R1E104K080AA in C:\Users\randy\Documents\GitHub\Andromeda-V3.3\DataManagementBoard_V3\DMB.SchDoc with CGA3E2X7R1E104K080AA from SOARSchematics.SchLib
Replace Part C14 CGA3E2X7R1E104K080AA in C:\Users\randy\Documents\GitHub\Andromeda-V3.3\DataManagementBoard_V3\DMB.SchDoc with CGA3E2X7R1E104K080AA from SOARSchematics.SchLib
Replace Part C15 CGA3E2X7R1E104K080AA in C:\Users\randy\Documents\GitHub\Andromeda-V3.3\DataManagementBoard_V3\DMB.SchDoc with CGA3E2X7R1E104K080AA from SOARSchematics.SchLib
Replace Part C16 CGA3E2X7R1E104K080AA in C:\Users\randy\Documents\GitHub\Andromeda-V3.3\DataManagementBoard_V3\DMB.SchDoc with CGA3E2X7R1E104K080AA from SOARSchematics.SchLib
Replace Part C17 CL10A106MP8NNNC in C:\Users\randy\Documents\GitHub\Andromeda-V3.3\DataManagementBoard_V3\DMB.SchDoc with CL10A106MP8NNNC from SOARSchematics.SchLib
Replace Part C18 CGA3E2X7R1E104K080AA in C:\Users\randy\Documents\GitHub\Andromeda-V3.3\DataManagementBoard_V3\DMB.SchDoc with CGA3E2X7R1E104K080AA from SOARSchematics.SchLib
Replace Part C22 CGA3E2X7R1E104K080AA in C:\Users\randy\Documents\GitHub\Andromeda-V3.3\DataManagementBoard_V3\DMB.SchDoc with CGA3E2X7R1E104K080AA from SOARSchematics.SchLib
Replace Part C23 CGA3E2X7R1E104K080AA in C:\Users\randy\Documents\GitHub\Andromeda-V3.3\DataManagementBoard_V3\DMB.SchDoc with CGA3E2X7R1E104K080AA from SOARSchematics.SchLib
Replace Part C24 CGA3E2X7R1E104K080AA in C:\Users\randy\Documents\GitHub\Andromeda-V3.3\DataManagementBoard_V3\DMB.SchDoc with CGA3E2X7R1E104K080AA from SOARSchematics.SchLib
Replace Part C25 TAJD157K016RNJ in C:\Users\randy\Documents\GitHub\Andromeda-V3.3\DataManagementBoard_V3\DMB.SchDoc with TAJD157K016RNJ from SOARSchematics.SchLib
Replace Part C26 CL10A106MP8NNNC in C:\Users\randy\Documents\GitHub\Andromeda-V3.3\DataManagementBoard_V3\DMB.SchDoc with CL10A106MP8NNNC from SOARSchematics.SchLib
Replace Part C27 CGA3E2X7R1E104K080AA in C:\Users\randy\Documents\GitHub\Andromeda-V3.3\DataManagementBoard_V3\DMB.SchDoc with CGA3E2X7R1E104K080AA from SOARSchematics.SchLib
Replace Part C28 CGA3E2X7R1E104K080AA in C:\Users\randy\Documents\GitHub\Andromeda-V3.3\DataManagementBoard_V3\DMB.SchDoc with CGA3E2X7R1E104K080AA from SOARSchematics.SchLib
Replace Part D1 CDSOD323-T12C in C:\Users\randy\Documents\GitHub\Andromeda-V3.3\DataManagementBoard_V3\DMB.SchDoc with CDSOD323-T12C from SOARSchematics.SchLib
Replace Part D2 LTST-C191KGKT in C:\Users\randy\Documents\GitHub\Andromeda-V3.3\DataManagementBoard_V3\DMB.SchDoc with LTST-C191KGKT from SOARSchematics.SchLib
Replace Part D3 LTST-C191KGKT in C:\Users\randy\Documents\GitHub\Andromeda-V3.3\DataManagementBoard_V3\DMB.SchDoc with LTST-C191KGKT from SOARSchematics.SchLib
Replace Part D4 LTST-C191KGKT in C:\Users\randy\Documents\GitHub\Andromeda-V3.3\DataManagementBoard_V3\DMB.SchDoc with LTST-C191KGKT from SOARSchematics.SchLib
Replace Part D9 LTST-C191KGKT in C:\Users\randy\Documents\GitHub\Andromeda-V3.3\DataManagementBoard_V3\DMB.SchDoc with LTST-C191KGKT from SOARSchematics.SchLib
Replace Part F1 SF-0603FP500M-2 in C:\Users\randy\Documents\GitHub\Andromeda-V3.3\DataManagementBoard_V3\DMB.SchDoc with SF-0603FP500M-2 from SOARSchematics.SchLib
Replace Part F2 SF-0603FP500M-2 in C:\Users\randy\Documents\GitHub\Andromeda-V3.3\DataManagementBoard_V3\DMB.SchDoc with SF-0603FP500M-2 from SOARSchematics.SchLib
Replace Part FID1 FID_1MM_ROUND_SL in C:\Users\randy\Documents\GitHub\Andromeda-V3.3\DataManagementBoard_V3\DMB.SchDoc with FID_1MM_ROUND_SL from SOARSchematics.SchLib
Replace Part FID2 FID_1MM_ROUND_SL in C:\Users\randy\Documents\GitHub\Andromeda-V3.3\DataManagementBoard_V3\DMB.SchDoc with FID_1MM_ROUND_SL from SOARSchematics.SchLib
Replace Part FID3 FID_1MM_ROUND_SL in C:\Users\randy\Documents\GitHub\Andromeda-V3.3\DataManagementBoard_V3\DMB.SchDoc with FID_1MM_ROUND_SL from SOARSchematics.SchLib
Replace Part FID4 FID_1MM_ROUND_SL in C:\Users\randy\Documents\GitHub\Andromeda-V3.3\DataManagementBoard_V3\DMB.SchDoc with FID_1MM_ROUND_SL from SOARSchematics.SchLib
Replace Part FID5 FID_1MM_ROUND_SL in C:\Users\randy\Documents\GitHub\Andromeda-V3.3\DataManagementBoard_V3\DMB.SchDoc with FID_1MM_ROUND_SL from SOARSchematics.SchLib
Replace Part FID6 FID_1MM_ROUND_SL in C:\Users\randy\Documents\GitHub\Andromeda-V3.3\DataManagementBoard_V3\DMB.SchDoc with FID_1MM_ROUND_SL from SOARSchematics.SchLib
Replace Part J1 10132449-1221GLF in C:\Users\randy\Documents\GitHub\Andromeda-V3.3\DataManagementBoard_V3\DMB.SchDoc with 10132449-1221GLF from SOARSchematics.SchLib
Replace Part J2 10132449-1221GLF in C:\Users\randy\Documents\GitHub\Andromeda-V3.3\DataManagementBoard_V3\DMB.SchDoc with 10132449-1221GLF from SOARSchematics.SchLib
Replace Part J3 SSW-104-01-F-S in C:\Users\randy\Documents\GitHub\Andromeda-V3.3\DataManagementBoard_V3\DMB.SchDoc with SSW-104-01-F-S from SOARSchematics.SchLib
Replace Part J4 SSW-106-01-F-S in C:\Users\randy\Documents\GitHub\Andromeda-V3.3\DataManagementBoard_V3\DMB.SchDoc with SSW-106-01-F-S from SOARSchematics.SchLib
Replace Part J5 SSW-108-01-F-S in C:\Users\randy\Documents\GitHub\Andromeda-V3.3\DataManagementBoard_V3\DMB.SchDoc with SSW-108-01-F-S from SOARSchematics.SchLib
Replace Part J6 SSW-108-01-F-S in C:\Users\randy\Documents\GitHub\Andromeda-V3.3\DataManagementBoard_V3\DMB.SchDoc with SSW-108-01-F-S from SOARSchematics.SchLib
Replace Part J7 SSW-106-01-F-S in C:\Users\randy\Documents\GitHub\Andromeda-V3.3\DataManagementBoard_V3\DMB.SchDoc with SSW-106-01-F-S from SOARSchematics.SchLib
Replace Part J8 SSW-106-01-F-S in C:\Users\randy\Documents\GitHub\Andromeda-V3.3\DataManagementBoard_V3\DMB.SchDoc with SSW-106-01-F-S from SOARSchematics.SchLib
Replace Part J9 0430450400 in C:\Users\randy\Documents\GitHub\Andromeda-V3.3\DataManagementBoard_V3\DMB.SchDoc with 0430450400 from SOARSchematics.SchLib
Replace Part MH1 Mounting Hole in C:\Users\randy\Documents\GitHub\Andromeda-V3.3\DataManagementBoard_V3\DMB.SchDoc with Mounting Hole from SOARSchematics.SchLib
Replace Part MH2 Mounting Hole in C:\Users\randy\Documents\GitHub\Andromeda-V3.3\DataManagementBoard_V3\DMB.SchDoc with Mounting Hole from SOARSchematics.SchLib
Replace Part MH3 Mounting Hole in C:\Users\randy\Documents\GitHub\Andromeda-V3.3\DataManagementBoard_V3\DMB.SchDoc with Mounting Hole from SOARSchematics.SchLib
Replace Part MH4 Mounting Hole in C:\Users\randy\Documents\GitHub\Andromeda-V3.3\DataManagementBoard_V3\DMB.SchDoc with Mounting Hole from SOARSchematics.SchLib
Replace Part R1 RC0603FR-0730KL in C:\Users\randy\Documents\GitHub\Andromeda-V3.3\DataManagementBoard_V3\DMB.SchDoc with RC0603FR-0730KL from SOARSchematics.SchLib
Replace Part R2 ERJ-3GEYJ103V in C:\Users\randy\Documents\GitHub\Andromeda-V3.3\DataManagementBoard_V3\DMB.SchDoc with ERJ-3GEYJ103V from SOARSchematics.SchLib
Replace Part R3 RC1608F331CS in C:\Users\randy\Documents\GitHub\Andromeda-V3.3\DataManagementBoard_V3\DMB.SchDoc with RC1608F331CS from SOARSchematics.SchLib
Replace Part R4 RC1608F331CS in C:\Users\randy\Documents\GitHub\Andromeda-V3.3\DataManagementBoard_V3\DMB.SchDoc with RC1608F331CS from SOARSchematics.SchLib
Replace Part R5 RC1608F331CS in C:\Users\randy\Documents\GitHub\Andromeda-V3.3\DataManagementBoard_V3\DMB.SchDoc with RC1608F331CS from SOARSchematics.SchLib
Replace Part R6 ERJ-3GEYJ103V in C:\Users\randy\Documents\GitHub\Andromeda-V3.3\DataManagementBoard_V3\DMB.SchDoc with ERJ-3GEYJ103V from SOARSchematics.SchLib
Replace Part R10 RC1608F331CS in C:\Users\randy\Documents\GitHub\Andromeda-V3.3\DataManagementBoard_V3\DMB.SchDoc with RC1608F331CS from SOARSchematics.SchLib
Replace Part R11 ERJ-3GEYJ103V in C:\Users\randy\Documents\GitHub\Andromeda-V3.3\DataManagementBoard_V3\DMB.SchDoc with ERJ-3GEYJ103V from SOARSchematics.SchLib
Replace Part R15 ERJ-3GEYJ103V in C:\Users\randy\Documents\GitHub\Andromeda-V3.3\DataManagementBoard_V3\DMB.SchDoc with ERJ-3GEYJ103V from SOARSchematics.SchLib
Replace Part R16 ERJ-3GEYJ103V in C:\Users\randy\Documents\GitHub\Andromeda-V3.3\DataManagementBoard_V3\DMB.SchDoc with ERJ-3GEYJ103V from SOARSchematics.SchLib
Replace Part R17 ERJ-3GEYJ103V in C:\Users\randy\Documents\GitHub\Andromeda-V3.3\DataManagementBoard_V3\DMB.SchDoc with ERJ-3GEYJ103V from SOARSchematics.SchLib
Replace Part R18 ERJ-3GEYJ103V in C:\Users\randy\Documents\GitHub\Andromeda-V3.3\DataManagementBoard_V3\DMB.SchDoc with ERJ-3GEYJ103V from SOARSchematics.SchLib
Replace Part R19 RT0603DRE076K49L in C:\Users\randy\Documents\GitHub\Andromeda-V3.3\DataManagementBoard_V3\DMB.SchDoc with RT0603DRE076K49L from SOARSchematics.SchLib
Replace Part R20 RT0603DRE076K49L in C:\Users\randy\Documents\GitHub\Andromeda-V3.3\DataManagementBoard_V3\DMB.SchDoc with RT0603DRE076K49L from SOARSchematics.SchLib
Replace Part U1 STM32F405RGT6 in C:\Users\randy\Documents\GitHub\Andromeda-V3.3\DataManagementBoard_V3\DMB.SchDoc with STM32F405RGT6 from SOARSchematics.SchLib
Replace Part U1 STM32F405RGT6 in C:\Users\randy\Documents\GitHub\Andromeda-V3.3\DataManagementBoard_V3\DMB.SchDoc with STM32F405RGT6 from SOARSchematics.SchLib
Replace Part U2 MAX3221ECPWR in C:\Users\randy\Documents\GitHub\Andromeda-V3.3\DataManagementBoard_V3\DMB.SchDoc with MAX3221ECPWR from SOARSchematics.SchLib
Replace Part U3 LSM9DS1TR in C:\Users\randy\Documents\GitHub\Andromeda-V3.3\DataManagementBoard_V3\DMB.SchDoc with LSM9DS1TR from SOARSchematics.SchLib
Replace Part U4 MC14504BDR2G in C:\Users\randy\Documents\GitHub\Andromeda-V3.3\DataManagementBoard_V3\DMB.SchDoc with MC14504BDR2G from SOARSchematics.SchLib
Replace Part U5 MS560702BA03-50 in C:\Users\randy\Documents\GitHub\Andromeda-V3.3\DataManagementBoard_V3\DMB.SchDoc with MS560702BA03-50 from SOARSchematics.SchLib
Replace Part U6 W25Q16JVSSIQ in C:\Users\randy\Documents\GitHub\Andromeda-V3.3\DataManagementBoard_V3\DMB.SchDoc with W25Q16JVSSIQ from SOARSchematics.SchLib
Replace Part Y1 ABLS-8.000MHZ-B2-T in C:\Users\randy\Documents\GitHub\Andromeda-V3.3\DataManagementBoard_V3\DMB.SchDoc with ABLS-8.000MHZ-B2-T from SOARSchematics.SchLib
