Removed Pin From Net: NetName=GND Pin=C2-1
Removed Pin From Net: NetName=+VBAT Pin=C2-2
Removed Pin From Net: NetName=GND Pin=C3-1
Removed Pin From Net: NetName=GND Pin=C4-1
Removed Pin From Net: NetName=GND Pin=C5-1
Removed Pin From Net: NetName=GND Pin=C6-1
Removed Pin From Net: NetName=GND Pin=C7-1
Removed Pin From Net: NetName=GND Pin=C8-1
Removed Pin From Net: NetName=GND Pin=C9-1
Removed Pin From Net: NetName=GND Pin=C10-1
Removed Pin From Net: NetName=GND Pin=C11-1
Removed Pin From Net: NetName=GND Pin=C12-2
Removed Pin From Net: NetName=GND Pin=D2-1
Removed Pin From Net: NetName=GND Pin=D4-1
Removed Pin From Net: NetName=GND Pin=D5-1
Removed Pin From Net: NetName=GND Pin=J3-3
Removed Pin From Net: NetName=GND Pin=J3-4
Removed Pin From Net: NetName=+VBAT Pin=J4-1
Removed Pin From Net: NetName=GND Pin=J4-2
Removed Pin From Net: NetName=GND Pin=J4-4
Removed Pin From Net: NetName=GND Pin=R4-1
Removed Pin From Net: NetName=GND Pin=R5-1
Removed Pin From Net: NetName=+VBAT Pin=U1-2
Removed Pin From Net: NetName=GND Pin=U1-4
Removed Pin From Net: NetName=GND Pin=U1-9
Removed Pin From Net: NetName=GND Pin=U2-2
Removed Member From Class: ClassName=Power Member=7V5
Removed Member From Class: ClassName=Power Member=12V
Removed Member From Class: ClassName=Power Member=C1
Removed Member From Class: ClassName=Power Member=C2
Removed Member From Class: ClassName=Power Member=C3
Removed Member From Class: ClassName=Power Member=C4
Removed Member From Class: ClassName=Power Member=C5
Removed Member From Class: ClassName=Power Member=C6
Removed Member From Class: ClassName=Power Member=C7
Removed Member From Class: ClassName=Power Member=C8
Removed Member From Class: ClassName=Power Member=C9
Removed Member From Class: ClassName=Power Member=C10
Removed Member From Class: ClassName=Power Member=C11
Removed Member From Class: ClassName=Power Member=C12
Removed Member From Class: ClassName=Power Member=D1
Removed Member From Class: ClassName=Power Member=D2
Removed Member From Class: ClassName=Power Member=D4
Removed Member From Class: ClassName=Power Member=D5
Removed Member From Class: ClassName=Power Member=J3
Removed Member From Class: ClassName=Power Member=J4
Removed Member From Class: ClassName=Power Member=L1
Removed Member From Class: ClassName=Power Member=R1
Removed Member From Class: ClassName=Power Member=R2
Removed Member From Class: ClassName=Power Member=R3
Removed Member From Class: ClassName=Power Member=R4
Removed Member From Class: ClassName=Power Member=R5
Removed Member From Class: ClassName=Power Member=R7
Removed Member From Class: ClassName=Power Member=R8
Removed Member From Class: ClassName=Power Member=R9
Removed Member From Class: ClassName=Power Member=U1
Removed Member From Class: ClassName=Power Member=U2
Added Room: Name=Power
